<?xml version="1.0" encoding="UTF-8"?>
<testng-results skipped="0" failed="0" ignored="0" total="1" passed="1">
  <reporter-output>
  </reporter-output>
  <suite name="Surefire suite" duration-ms="98" started-at="2021-07-05T13:58:02 IST" finished-at="2021-07-05T13:58:02 IST">
    <groups>
    </groups>
    <test name="Surefire test" duration-ms="98" started-at="2021-07-05T13:58:02 IST" finished-at="2021-07-05T13:58:02 IST">
      <class name="RestAssured.RestAssured.AppTest">
        <test-method status="PASS" signature="shouldAnswerWithTrue()" name="shouldAnswerWithTrue" duration-ms="15" started-at="2021-07-05T13:58:02 IST" finished-at="2021-07-05T13:58:02 IST">
          <reporter-output>
          </reporter-output>
        </test-method> <!-- shouldAnswerWithTrue -->
      </class> <!-- RestAssured.RestAssured.AppTest -->
    </test> <!-- Surefire test -->
  </suite> <!-- Surefire suite -->
</testng-results>
